This is pdfTeX, Version 3.14159265-2.6-1.40.16 (MiKTeX 2.9) (preloaded format=pdflatex 2016.4.7)  7 APR 2016 23:45
entering extended mode
**./main.tex
(main.tex
LaTeX2e <2015/10/01> patch level 2
Babel <3.9m> and hyphenation patterns for 69 languages loaded.
("C:\Program Files (x86)\MiKTeX 2.9\tex\latex\base\report.cls"
Document Class: report 2014/09/29 v1.4h Standard LaTeX document class
("C:\Program Files (x86)\MiKTeX 2.9\tex\latex\base\size10.clo"
File: size10.clo 2014/09/29 v1.4h Standard LaTeX file (size option)
)
\c@part=\count79
\c@chapter=\count80
\c@section=\count81
\c@subsection=\count82
\c@subsubsection=\count83
\c@paragraph=\count84
\c@subparagraph=\count85
\c@figure=\count86
\c@table=\count87
\abovecaptionskip=\skip41
\belowcaptionskip=\skip42
\bibindent=\dimen102
)
("C:\Program Files (x86)\MiKTeX 2.9\tex\latex\base\makeidx.sty"
Package: makeidx 2014/09/29 v1.0m Standard LaTeX package
)
("C:\Program Files (x86)\MiKTeX 2.9\tex\latex\graphics\graphicx.sty"
Package: graphicx 2014/10/28 v1.0g Enhanced LaTeX Graphics (DPC,SPQR)

("C:\Program Files (x86)\MiKTeX 2.9\tex\latex\graphics\keyval.sty"
Package: keyval 2014/10/28 v1.15 key=value parser (DPC)
\KV@toks@=\toks14
)
("C:\Program Files (x86)\MiKTeX 2.9\tex\latex\graphics\graphics.sty"
Package: graphics 2014/10/28 v1.0p Standard LaTeX Graphics (DPC,SPQR)

("C:\Program Files (x86)\MiKTeX 2.9\tex\latex\graphics\trig.sty"
Package: trig 1999/03/16 v1.09 sin cos tan (DPC)
)
("C:\Program Files (x86)\MiKTeX 2.9\tex\latex\00miktex\graphics.cfg"
File: graphics.cfg 2007/01/18 v1.5 graphics configuration of teTeX/TeXLive
)
Package graphics Info: Driver file: pdftex.def on input line 94.

("C:\Program Files (x86)\MiKTeX 2.9\tex\latex\pdftex-def\pdftex.def"
File: pdftex.def 2011/05/27 v0.06d Graphics/color for pdfTeX

("C:\Program Files (x86)\MiKTeX 2.9\tex\generic\oberdiek\infwarerr.sty"
Package: infwarerr 2010/04/08 v1.3 Providing info/warning/error messages (HO)
)
("C:\Program Files (x86)\MiKTeX 2.9\tex\generic\oberdiek\ltxcmds.sty"
Package: ltxcmds 2011/11/09 v1.22 LaTeX kernel commands for general use (HO)
)
\Gread@gobject=\count88
))
\Gin@req@height=\dimen103
\Gin@req@width=\dimen104
)
("C:\Program Files (x86)\MiKTeX 2.9\tex\latex\tools\multicol.sty"
Package: multicol 2015/08/19 v1.8n multicolumn formatting (FMi)
\c@tracingmulticols=\count89
\mult@box=\box26
\multicol@leftmargin=\dimen105
\c@unbalance=\count90
\c@collectmore=\count91
\doublecol@number=\count92
\multicoltolerance=\count93
\multicolpretolerance=\count94
\full@width=\dimen106
\page@free=\dimen107
\premulticols=\dimen108
\postmulticols=\dimen109
\multicolsep=\skip43
\multicolbaselineskip=\skip44
\partial@page=\box27
\last@line=\box28
\maxbalancingoverflow=\dimen110
\mult@rightbox=\box29
\mult@grightbox=\box30
\mult@gfirstbox=\box31
\mult@firstbox=\box32
\@tempa=\box33
\@tempa=\box34
\@tempa=\box35
\@tempa=\box36
\@tempa=\box37
\@tempa=\box38
\@tempa=\box39
\@tempa=\box40
\@tempa=\box41
\@tempa=\box42
\@tempa=\box43
\@tempa=\box44
\@tempa=\box45
\@tempa=\box46
\@tempa=\box47
\@tempa=\box48
\@tempa=\box49
\c@columnbadness=\count95
\c@finalcolumnbadness=\count96
\last@try=\dimen111
\multicolovershoot=\dimen112
\multicolundershoot=\dimen113
\mult@nat@firstbox=\box50
\colbreak@box=\box51
\mc@col@check@num=\count97
)
(C:\Users\dpaladhi\AppData\Roaming\MiKTeX\2.9\tex\latex\footmisc\footmisc.sty
Package: footmisc 2011/06/06 v5.5b a miscellany of footnote facilities
\FN@temptoken=\toks15
\footnotemargin=\dimen114
\c@pp@next@reset=\count98
Package footmisc Info: Declaring symbol style bringhurst on input line 855.
Package footmisc Info: Declaring symbol style chicago on input line 863.
Package footmisc Info: Declaring symbol style wiley on input line 872.
Package footmisc Info: Declaring symbol style lamport-robust on input line 883.

Package footmisc Info: Declaring symbol style lamport* on input line 903.
Package footmisc Info: Declaring symbol style lamport*-robust on input line 924
.
)
(C:\Users\dpaladhi\AppData\Roaming\MiKTeX\2.9\tex\latex\wrapfig\wrapfig.sty
\wrapoverhang=\dimen115
\WF@size=\dimen116
\c@WF@wrappedlines=\count99
\WF@box=\box52
\WF@everypar=\toks16
Package: wrapfig 2003/01/31  v 3.6
)
("C:\Program Files (x86)\MiKTeX 2.9\tex\latex\graphics\color.sty"
Package: color 2014/10/28 v1.1a Standard LaTeX Color (DPC)

("C:\Program Files (x86)\MiKTeX 2.9\tex\latex\00miktex\color.cfg"
File: color.cfg 2007/01/18 v1.5 color configuration of teTeX/TeXLive
)
Package color Info: Driver file: pdftex.def on input line 142.
)
(C:\Users\dpaladhi\AppData\Roaming\MiKTeX\2.9\tex\latex\fancyvrb\fancyvrb.sty
Package: fancyvrb 2008/02/07

Style option: `fancyvrb' v2.7a, with DG/SPQR fixes, and firstline=lastline fix 
<2008/02/07> (tvz)
\FV@CodeLineNo=\count100
\FV@InFile=\read1
\FV@TabBox=\box53
\c@FancyVerbLine=\count101
\FV@StepNumber=\count102
\FV@OutFile=\write3
)
(C:\Users\dpaladhi\AppData\Roaming\MiKTeX\2.9\tex\latex\listings\listings.sty
\lst@mode=\count103
\lst@gtempboxa=\box54
\lst@token=\toks17
\lst@length=\count104
\lst@currlwidth=\dimen117
\lst@column=\count105
\lst@pos=\count106
\lst@lostspace=\dimen118
\lst@width=\dimen119
\lst@newlines=\count107
\lst@lineno=\count108
\lst@maxwidth=\dimen120

(C:\Users\dpaladhi\AppData\Roaming\MiKTeX\2.9\tex\latex\listings\lstmisc.sty
File: lstmisc.sty 2015/06/04 1.6 (Carsten Heinz)
\c@lstnumber=\count109
\lst@skipnumbers=\count110
\lst@framebox=\box55
)
(C:\Users\dpaladhi\AppData\Roaming\MiKTeX\2.9\tex\latex\listings\listings.cfg
File: listings.cfg 2015/06/04 1.6 listings configuration
))
Package: listings 2015/06/04 1.6 (Carsten Heinz)
("C:\Program Files (x86)\MiKTeX 2.9\tex\latex\tools\verbatim.sty"
Package: verbatim 2014/10/28 v1.5q LaTeX2e package for verbatim enhancements
\every@verbatim=\toks18
\verbatim@line=\toks19
\verbatim@in@stream=\read2
)
("C:\Program Files (x86)\MiKTeX 2.9\tex\latex\base\alltt.sty"
Package: alltt 1997/06/16 v2.0g defines alltt environment
)
("C:\Program Files (x86)\MiKTeX 2.9\tex\latex\hyperref\hyperref.sty"
Package: hyperref 2012/11/06 v6.83m Hypertext links for LaTeX

("C:\Program Files (x86)\MiKTeX 2.9\tex\generic\oberdiek\hobsub-hyperref.sty"
Package: hobsub-hyperref 2012/04/25 v1.12 Bundle oberdiek, subset hyperref (HO)


("C:\Program Files (x86)\MiKTeX 2.9\tex\generic\oberdiek\hobsub-generic.sty"
Package: hobsub-generic 2012/04/25 v1.12 Bundle oberdiek, subset generic (HO)
Package: hobsub 2012/04/25 v1.12 Construct package bundles (HO)
Package hobsub Info: Skipping package `infwarerr' (already loaded).
Package hobsub Info: Skipping package `ltxcmds' (already loaded).
Package: ifluatex 2010/03/01 v1.3 Provides the ifluatex switch (HO)
Package ifluatex Info: LuaTeX not detected.
Package: ifvtex 2010/03/01 v1.5 Detect VTeX and its facilities (HO)
Package ifvtex Info: VTeX not detected.
Package: intcalc 2007/09/27 v1.1 Expandable calculations with integers (HO)
Package: ifpdf 2011/01/30 v2.3 Provides the ifpdf switch (HO)
Package ifpdf Info: pdfTeX in PDF mode is detected.
Package: etexcmds 2011/02/16 v1.5 Avoid name clashes with e-TeX commands (HO)
Package etexcmds Info: Could not find \expanded.
(etexcmds)             That can mean that you are not using pdfTeX 1.50 or
(etexcmds)             that some package has redefined \expanded.
(etexcmds)             In the latter case, load this package earlier.
Package: kvsetkeys 2012/04/25 v1.16 Key value parser (HO)
Package: kvdefinekeys 2011/04/07 v1.3 Define keys (HO)
Package: pdftexcmds 2011/11/29 v0.20 Utility functions of pdfTeX for LuaTeX (HO
)
Package pdftexcmds Info: LuaTeX not detected.
Package pdftexcmds Info: \pdf@primitive is available.
Package pdftexcmds Info: \pdf@ifprimitive is available.
Package pdftexcmds Info: \pdfdraftmode found.
Package: pdfescape 2011/11/25 v1.13 Implements pdfTeX's escape features (HO)
Package: bigintcalc 2012/04/08 v1.3 Expandable calculations on big integers (HO
)
Package: bitset 2011/01/30 v1.1 Handle bit-vector datatype (HO)
Package: uniquecounter 2011/01/30 v1.2 Provide unlimited unique counter (HO)
)
Package hobsub Info: Skipping package `hobsub' (already loaded).
Package: letltxmacro 2010/09/02 v1.4 Let assignment for LaTeX macros (HO)
Package: hopatch 2011/06/24 v1.1 Wrapper for package hooks (HO)
Package: xcolor-patch 2011/01/30 xcolor patch
Package: atveryend 2011/06/30 v1.8 Hooks at the very end of document (HO)
Package atveryend Info: \enddocument detected (standard20110627).
Package: atbegshi 2011/10/05 v1.16 At begin shipout hook (HO)
Package: refcount 2011/10/16 v3.4 Data extraction from label references (HO)
Package: hycolor 2011/01/30 v1.7 Color options for hyperref/bookmark (HO)
)
("C:\Program Files (x86)\MiKTeX 2.9\tex\generic\ifxetex\ifxetex.sty"
Package: ifxetex 2010/09/12 v0.6 Provides ifxetex conditional
)
("C:\Program Files (x86)\MiKTeX 2.9\tex\latex\oberdiek\auxhook.sty"
Package: auxhook 2011/03/04 v1.3 Hooks for auxiliary files (HO)
)
("C:\Program Files (x86)\MiKTeX 2.9\tex\latex\oberdiek\kvoptions.sty"
Package: kvoptions 2011/06/30 v3.11 Key value format for package options (HO)
)
\@linkdim=\dimen121
\Hy@linkcounter=\count111
\Hy@pagecounter=\count112

("C:\Program Files (x86)\MiKTeX 2.9\tex\latex\hyperref\pd1enc.def"
File: pd1enc.def 2012/11/06 v6.83m Hyperref: PDFDocEncoding definition (HO)
)
\Hy@SavedSpaceFactor=\count113

("C:\Program Files (x86)\MiKTeX 2.9\tex\latex\00miktex\hyperref.cfg"
File: hyperref.cfg 2002/06/06 v1.2 hyperref configuration of TeXLive
)
Package hyperref Info: Hyper figures OFF on input line 4443.
Package hyperref Info: Link nesting OFF on input line 4448.
Package hyperref Info: Hyper index ON on input line 4451.
Package hyperref Info: Plain pages OFF on input line 4458.
Package hyperref Info: Backreferencing OFF on input line 4463.
Package hyperref Info: Implicit mode ON; LaTeX internals redefined.
Package hyperref Info: Bookmarks ON on input line 4688.
\c@Hy@tempcnt=\count114

(C:\Users\dpaladhi\AppData\Roaming\MiKTeX\2.9\tex\latex\url\url.sty
\Urlmuskip=\muskip10
Package: url 2013/09/16  ver 3.4  Verb mode for urls, etc.
)
LaTeX Info: Redefining \url on input line 5041.
\XeTeXLinkMargin=\dimen122
\Fld@menulength=\count115
\Field@Width=\dimen123
\Fld@charsize=\dimen124
Package hyperref Info: Hyper figures OFF on input line 6295.
Package hyperref Info: Link nesting OFF on input line 6300.
Package hyperref Info: Hyper index ON on input line 6303.
Package hyperref Info: backreferencing OFF on input line 6310.
Package hyperref Info: Link coloring OFF on input line 6315.
Package hyperref Info: Link coloring with OCG OFF on input line 6320.
Package hyperref Info: PDF/A mode OFF on input line 6325.
LaTeX Info: Redefining \ref on input line 6365.
LaTeX Info: Redefining \pageref on input line 6369.
\Hy@abspage=\count116
\c@Item=\count117
\c@Hfootnote=\count118
)

Package hyperref Message: Driver (autodetected): hpdftex.

("C:\Program Files (x86)\MiKTeX 2.9\tex\latex\hyperref\hpdftex.def"
File: hpdftex.def 2012/11/06 v6.83m Hyperref driver for pdfTeX
\Fld@listcount=\count119
\c@bookmark@seq@number=\count120

("C:\Program Files (x86)\MiKTeX 2.9\tex\latex\oberdiek\rerunfilecheck.sty"
Package: rerunfilecheck 2011/04/15 v1.7 Rerun checks for auxiliary files (HO)
Package uniquecounter Info: New unique counter `rerunfilecheck' on input line 2
82.
)
\Hy@SectionHShift=\skip45
)
(main.aux (part1.aux) (part2.aux) (part3.aux) (part4.aux) (part5.aux))
\openout1 = `main.aux'.

LaTeX Font Info:    Checking defaults for OML/cmm/m/it on input line 24.
LaTeX Font Info:    ... okay on input line 24.
LaTeX Font Info:    Checking defaults for T1/cmr/m/n on input line 24.
LaTeX Font Info:    ... okay on input line 24.
LaTeX Font Info:    Checking defaults for OT1/cmr/m/n on input line 24.
LaTeX Font Info:    ... okay on input line 24.
LaTeX Font Info:    Checking defaults for OMS/cmsy/m/n on input line 24.
LaTeX Font Info:    ... okay on input line 24.
LaTeX Font Info:    Checking defaults for OMX/cmex/m/n on input line 24.
LaTeX Font Info:    ... okay on input line 24.
LaTeX Font Info:    Checking defaults for U/cmr/m/n on input line 24.
LaTeX Font Info:    ... okay on input line 24.
LaTeX Font Info:    Checking defaults for PD1/pdf/m/n on input line 24.
LaTeX Font Info:    ... okay on input line 24.

(C:\Users\dpaladhi\AppData\Roaming\MiKTeX\2.9\tex\context\base\supp-pdf.mkii
[Loading MPS to PDF converter (version 2006.09.02).]
\scratchcounter=\count121
\scratchdimen=\dimen125
\scratchbox=\box56
\nofMPsegments=\count122
\nofMParguments=\count123
\everyMPshowfont=\toks20
\MPscratchCnt=\count124
\MPscratchDim=\dimen126
\MPnumerator=\count125
\makeMPintoPDFobject=\count126
\everyMPtoPDFconversion=\toks21
)
\c@lstlisting=\count127
\AtBeginShipoutBox=\box57
Package hyperref Info: Link coloring OFF on input line 24.
 ("C:\Program Files (x86)\MiKTeX 2.9\tex\latex\hyperref\nameref.sty"
Package: nameref 2012/10/27 v2.43 Cross-referencing by name of section

("C:\Program Files (x86)\MiKTeX 2.9\tex\generic\oberdiek\gettitlestring.sty"
Package: gettitlestring 2010/12/03 v1.4 Cleanup title references (HO)
)
\c@section@level=\count128
)
LaTeX Info: Redefining \ref on input line 24.
LaTeX Info: Redefining \pageref on input line 24.
LaTeX Info: Redefining \nameref on input line 24.

(main.out) (main.out)
\@outlinefile=\write4
\openout4 = `main.out'.

LaTeX Font Info:    External font `cmex10' loaded for size
(Font)              <12> on input line 36.
LaTeX Font Info:    External font `cmex10' loaded for size
(Font)              <8> on input line 36.
LaTeX Font Info:    External font `cmex10' loaded for size
(Font)              <6> on input line 36.
 [1



pdfTeX warning: pdflatex (file pdftex.map): cannot open font map file
] (main.toc
LaTeX Font Info:    External font `cmex10' loaded for size
(Font)              <7> on input line 1.
LaTeX Font Info:    External font `cmex10' loaded for size
(Font)              <5> on input line 1.
)
\tf@toc=\write5
\openout5 = `main.toc'.

pdfTeX warning (ext4): destination with the same identifier (name{page.1}) has 
been already used, duplicate ignored
<to be read again> 
                   \relax 
l.38 \newpage
              [1

]
\openout2 = `part1.aux'.

 (part1.tex

LaTeX Warning: Reference `Samplelist4' on page 2 undefined on input line 42.

[2

]
(C:\Users\dpaladhi\AppData\Roaming\MiKTeX\2.9\tex\latex\listings\lstlang1.sty
File: lstlang1.sty 2015/06/04 1.6 listings language file
)
(get_blogs.py
LaTeX Font Info:    Try loading font information for OML+cmr on input line 7.
 ("C:\Program Files (x86)\MiKTeX 2.9\tex\latex\base\omlcmr.fd"
File: omlcmr.fd 2014/09/29 v2.5h Standard LaTeX font definitions
)
LaTeX Font Info:    Font shape `OML/cmr/m/n' in size <8> not available
(Font)              Font shape `OML/cmm/m/it' tried instead on input line 7.
LaTeX Font Info:    Try loading font information for OMS+cmr on input line 17.

("C:\Program Files (x86)\MiKTeX 2.9\tex\latex\base\omscmr.fd"
File: omscmr.fd 2014/09/29 v2.5h Standard LaTeX font definitions
)
LaTeX Font Info:    Font shape `OMS/cmr/m/n' in size <8> not available
(Font)              Font shape `OMS/cmsy/m/n' tried instead on input line 17.
LaTeX Font Info:    Font shape `OMS/cmr/m/it' in size <8> not available
(Font)              Font shape `OMS/cmsy/m/n' tried instead on input line 31.
) [3]
(noOfPages.py) [4] (generatefeedvector.py [5]) [6]
<sampleblogurls.png, id=397, 450.9347pt x 378.66469pt>
File: sampleblogurls.png Graphic file (type png)

<use sampleblogurls.png>
Package pdftex.def Info: sampleblogurls.png used on input line 65.
(pdftex.def)             Requested size: 405.83748pt x 340.79506pt.
 [7 <./sampleblogurls.png>]
<sampleatomurls.png, id=405, 456.95718pt x 356.83313pt>
File: sampleatomurls.png Graphic file (type png)

<use sampleatomurls.png>
Package pdftex.def Info: sampleatomurls.png used on input line 74.
(pdftex.def)             Requested size: 502.65443pt x 392.51764pt.

Overfull \hbox (31.18195pt too wide) in paragraph at lines 74--75
 [] 
 []

[8 <./sampleatomurls.png>]
<samplenoofpages.png, id=412, 612.03656pt x 408.77719pt>
File: samplenoofpages.png Graphic file (type png)

<use samplenoofpages.png>
Package pdftex.def Info: samplenoofpages.png used on input line 84.
(pdftex.def)             Requested size: 673.2423pt x 449.6563pt.

Overfull \hbox (201.7698pt too wide) in paragraph at lines 84--85
 [] 
 []

[9 <./samplenoofpages.png>]
<sample_blogdata.png, id=419, 1041.8925pt x 571.38469pt>
File: sample_blogdata.png Graphic file (type png)

<use sample_blogdata.png>
Package pdftex.def Info: sample_blogdata.png used on input line 94.
(pdftex.def)             Requested size: 333.41241pt x 182.84683pt.
 [10 <./sample_blogdata.png>])
\openout2 = `part2.aux'.

 (part2.tex [11


]
(clusters.py [12] [13] [14] [15]) [16] (q2.py) [17]
<clusterblog.jpg, id=827, 1204.5pt x 2007.5pt>
File: clusterblog.jpg Graphic file (type jpg)
 <use clusterblog.jpg>
Package pdftex.def Info: clusterblog.jpg used on input line 38.
(pdftex.def)             Requested size: 289.0859pt x 481.80984pt.
 [18 <./clusterblog.jpg>] <sample_ascii_2.png, id=834, 584.93532pt x 511.9125pt
>
File: sample_ascii_2.png Graphic file (type png)

<use sample_ascii_2.png>
Package pdftex.def Info: sample_ascii_2.png used on input line 48.
(pdftex.def)             Requested size: 467.94888pt x 409.53056pt.
 [19 <./sample_ascii_2.png>])
\openout2 = `part3.aux'.

 (part3.tex [20


] (q3.py)
[21] <output_q3.png, id=886, 738.50906pt x 682.04813pt>
File: output_q3.png Graphic file (type png)
 <use output_q3.png>
Package pdftex.def Info: output_q3.png used on input line 31.
(pdftex.def)             Requested size: 516.95282pt x 477.43044pt.

Overfull \hbox (45.48033pt too wide) in paragraph at lines 31--32
 [] 
 []

[22 <./output_q3.png>])
\openout2 = `part4.aux'.

 (part4.tex [23


] (q4.py) [24]
<output4.png, id=923, 622.57594pt x 557.08125pt>
File: output4.png Graphic file (type png)
 <use output4.png>
Package pdftex.def Info: output4.png used on input line 28.
(pdftex.def)             Requested size: 498.06143pt x 445.6656pt.

Overfull \hbox (26.58894pt too wide) in paragraph at lines 28--29
 [] 
 []

[25 <./output4.png>] <blogs.jpg, id=930, 2007.5pt x 2007.5pt>
File: blogs.jpg Graphic file (type jpg)
 <use blogs.jpg>
Package pdftex.def Info: blogs.jpg used on input line 37.
(pdftex.def)             Requested size: 481.80984pt x 481.80984pt.

Overfull \hbox (10.33736pt too wide) in paragraph at lines 37--38
 [] 
 []

[26 <./blogs.jpg>])
\openout2 = `part5.aux'.

 (part5.tex [27


] (tfidf_gettingblogdata.py [28] [29])
[30] (q5_2.py) [31] <sampletfidfblog.png, id=1167, 1282.03969pt x 506.6428pt>
File: sampletfidfblog.png Graphic file (type png)

<use sampletfidfblog.png>
Package pdftex.def Info: sampletfidfblog.png used on input line 55.
(pdftex.def)             Requested size: 512.8068pt x 202.65353pt.

Overfull \hbox (41.3343pt too wide) in paragraph at lines 55--56
 [] 
 []

[32 <./sampletfidfblog.png>]
<sample_ascii5_2.png, id=1174, 735.49782pt x 514.92375pt>
File: sample_ascii5_2.png Graphic file (type png)

<use sample_ascii5_2.png>
Package pdftex.def Info: sample_ascii5_2.png used on input line 64.
(pdftex.def)             Requested size: 588.39906pt x 411.93954pt.

Overfull \hbox (116.92657pt too wide) in paragraph at lines 64--65
 [] 
 []

[33 <./sample_ascii5_2.png>]
<clusterblogtfidf.jpg, id=1181, 1204.5pt x 2007.5pt>
File: clusterblogtfidf.jpg Graphic file (type jpg)

<use clusterblogtfidf.jpg>
Package pdftex.def Info: clusterblogtfidf.jpg used on input line 73.
(pdftex.def)             Requested size: 277.02917pt x 461.71529pt.
 [34 <./clusterblogtfidf.jpg>]) (main.bbl
Underfull \hbox (badness 10000) in paragraph at lines 4--8
[]\OT1/cmr/m/n/10 cataska, programming-collective-intelligence-code,  []$\OT1/c
mtt/m/n/10 https : / / github . com / cataska /$
 []

Missing character: There is no â in font cmr10!
Missing character: There is no € in font cmr10!
Missing character: There is no “ in font cmr10!
)
Package atveryend Info: Empty hook `BeforeClearDocument' on input line 51.
 [35


]
Package atveryend Info: Empty hook `AfterLastShipout' on input line 51.
 (main.aux (part1.aux) (part2.aux) (part3.aux) (part4.aux) (part5.aux))
Package atveryend Info: Executing hook `AtVeryEndDocument' on input line 51.
Package atveryend Info: Executing hook `AtEndAfterFileList' on input line 51.
Package rerunfilecheck Info: File `main.out' has not changed.
(rerunfilecheck)             Checksum: 591B95FA1787D1B041725751F794082F;1391.


LaTeX Warning: There were undefined references.

Package atveryend Info: Empty hook `AtVeryVeryEnd' on input line 51.
 ) 
Here is how much of TeX's memory you used:
 8428 strings out of 493634
 122891 string characters out of 3141306
 473110 words of memory out of 3000000
 10740 multiletter control sequences out of 15000+200000
 9330 words of font info for 33 fonts, out of 3000000 for 9000
 1025 hyphenation exceptions out of 8191
 34i,7n,45p,391b,1791s stack positions out of 5000i,500n,10000p,200000b,50000s
 <C:\Users\dpaladhi\AppData\Local\MiKTeX\2.9\fonts\pk\ljfour\public\cm\dpi600
\cmti8.pk> <C:\Users\dpaladhi\AppData\Local\MiKTeX\2.9\fonts\pk\ljfour\public\c
m\dpi600\cmsy8.pk> <C:\Users\dpaladhi\AppData\Local\MiKTeX\2.9\fonts\pk\ljfour\
public\cm\dpi600\cmmi8.pk> <C:\Users\dpaladhi\AppData\Local\MiKTeX\2.9\fonts\pk
\ljfour\public\cm\dpi600\cmbx8.pk> <C:\Users\dpaladhi\AppData\Local\MiKTeX\2.9\
fonts\pk\ljfour\public\cm\dpi600\cmr8.pk> <C:\Users\dpaladhi\AppData\Local\MiKT
eX\2.9\fonts\pk\ljfour\public\cm\dpi600\cmbx10.pk> <C:\Users\dpaladhi\AppData\L
ocal\MiKTeX\2.9\fonts\pk\ljfour\public\cm\dpi600\cmbx12.pk> <C:\Users\dpaladhi\
AppData\Local\MiKTeX\2.9\fonts\pk\ljfour\public\cm\dpi600\cmtt10.pk> <C:\Users\
dpaladhi\AppData\Local\MiKTeX\2.9\fonts\pk\ljfour\public\cm\dpi720\cmbx12.pk> <
C:\Users\dpaladhi\AppData\Local\MiKTeX\2.9\fonts\pk\ljfour\public\cm\dpi600\cmr
10.pk> <C:\Users\dpaladhi\AppData\Local\MiKTeX\2.9\fonts\pk\ljfour\public\cm\dp
i1244\cmbx12.pk> <C:\Users\dpaladhi\AppData\Local\MiKTeX\2.9\fonts\pk\ljfour\pu
blic\cm\dpi600\cmr12.pk> <C:\Users\dpaladhi\AppData\Local\MiKTeX\2.9\fonts\pk\l
jfour\public\cm\dpi600\cmr17.pk>
Output written on main.pdf (36 pages, 1098341 bytes).
PDF statistics:
 1851 PDF objects out of 2073 (max. 8388607)
 933 named destinations out of 1000 (max. 500000)
 245 words of extra memory for PDF output out of 10000 (max. 10000000)

