\BOOKMARK [1][-]{section.0.1}{Problem 1}{}% 1
\BOOKMARK [2][-]{subsection.0.1.1}{Solution}{section.0.1}% 2
\BOOKMARK [2][-]{subsection.0.1.2}{Code Listing}{section.0.1}% 3
\BOOKMARK [2][-]{subsection.0.1.3}{Inputs}{section.0.1}% 4
\BOOKMARK [2][-]{subsection.0.1.4}{Outputs}{section.0.1}% 5
\BOOKMARK [1][-]{section.0.2}{Problem 2}{}% 6
\BOOKMARK [2][-]{subsection.0.2.1}{Solution}{section.0.2}% 7
\BOOKMARK [2][-]{subsection.0.2.2}{Code Listing}{section.0.2}% 8
\BOOKMARK [2][-]{subsection.0.2.3}{Inputs}{section.0.2}% 9
\BOOKMARK [2][-]{subsection.0.2.4}{Output}{section.0.2}% 10
\BOOKMARK [1][-]{section.0.3}{Problem 3}{}% 11
\BOOKMARK [2][-]{subsection.0.3.1}{Solution}{section.0.3}% 12
\BOOKMARK [2][-]{subsection.0.3.2}{Code Listing}{section.0.3}% 13
\BOOKMARK [2][-]{subsection.0.3.3}{Inputs}{section.0.3}% 14
\BOOKMARK [2][-]{subsection.0.3.4}{Outputs}{section.0.3}% 15
\BOOKMARK [1][-]{section.0.4}{Problem 4}{}% 16
\BOOKMARK [2][-]{subsection.0.4.1}{Solution}{section.0.4}% 17
\BOOKMARK [2][-]{subsection.0.4.2}{Code Listing}{section.0.4}% 18
\BOOKMARK [2][-]{subsection.0.4.3}{Inputs}{section.0.4}% 19
\BOOKMARK [2][-]{subsection.0.4.4}{Output}{section.0.4}% 20
