This is pdfTeX, Version 3.1415926-2.5-1.40.14 (MiKTeX 2.9) (preloaded format=pdflatex 2016.2.25)  25 FEB 2016 23:41
entering extended mode
**main.tex
("Z:\Webscience\cs532-s16\Assignment 4\documentation\main.tex"
LaTeX2e <2011/06/27>
Babel <v3.8m> and hyphenation patterns for english, afrikaans, ancientgreek, ar
abic, armenian, assamese, basque, bengali, bokmal, bulgarian, catalan, coptic, 
croatian, czech, danish, dutch, esperanto, estonian, farsi, finnish, french, ga
lician, german, german-x-2013-05-26, greek, gujarati, hindi, hungarian, iceland
ic, indonesian, interlingua, irish, italian, kannada, kurmanji, latin, latvian,
 lithuanian, malayalam, marathi, mongolian, mongolianlmc, monogreek, ngerman, n
german-x-2013-05-26, nynorsk, oriya, panjabi, pinyin, polish, portuguese, roman
ian, russian, sanskrit, serbian, slovak, slovenian, spanish, swedish, swissgerm
an, tamil, telugu, turkish, turkmen, ukenglish, ukrainian, uppersorbian, usengl
ishmax, welsh, loaded.
("C:\Program Files (x86)\MiKTeX 2.9\tex\latex\base\report.cls"
Document Class: report 2007/10/19 v1.4h Standard LaTeX document class
("C:\Program Files (x86)\MiKTeX 2.9\tex\latex\base\size10.clo"
File: size10.clo 2007/10/19 v1.4h Standard LaTeX file (size option)
)
\c@part=\count79
\c@chapter=\count80
\c@section=\count81
\c@subsection=\count82
\c@subsubsection=\count83
\c@paragraph=\count84
\c@subparagraph=\count85
\c@figure=\count86
\c@table=\count87
\abovecaptionskip=\skip41
\belowcaptionskip=\skip42
\bibindent=\dimen102
)
("C:\Program Files (x86)\MiKTeX 2.9\tex\latex\base\makeidx.sty"
Package: makeidx 2000/03/29 v1.0m Standard LaTeX package
)
("C:\Program Files (x86)\MiKTeX 2.9\tex\latex\graphics\graphicx.sty"
Package: graphicx 1999/02/16 v1.0f Enhanced LaTeX Graphics (DPC,SPQR)

("C:\Program Files (x86)\MiKTeX 2.9\tex\latex\graphics\keyval.sty"
Package: keyval 1999/03/16 v1.13 key=value parser (DPC)
\KV@toks@=\toks14
)
("C:\Program Files (x86)\MiKTeX 2.9\tex\latex\graphics\graphics.sty"
Package: graphics 2009/02/05 v1.0o Standard LaTeX Graphics (DPC,SPQR)

("C:\Program Files (x86)\MiKTeX 2.9\tex\latex\graphics\trig.sty"
Package: trig 1999/03/16 v1.09 sin cos tan (DPC)
)
("C:\Program Files (x86)\MiKTeX 2.9\tex\latex\00miktex\graphics.cfg"
File: graphics.cfg 2007/01/18 v1.5 graphics configuration of teTeX/TeXLive
)
Package graphics Info: Driver file: pdftex.def on input line 91.

("C:\Program Files (x86)\MiKTeX 2.9\tex\latex\pdftex-def\pdftex.def"
File: pdftex.def 2011/05/27 v0.06d Graphics/color for pdfTeX

("C:\Program Files (x86)\MiKTeX 2.9\tex\generic\oberdiek\infwarerr.sty"
Package: infwarerr 2010/04/08 v1.3 Providing info/warning/error messages (HO)
)
("C:\Program Files (x86)\MiKTeX 2.9\tex\generic\oberdiek\ltxcmds.sty"
Package: ltxcmds 2011/11/09 v1.22 LaTeX kernel commands for general use (HO)
)
\Gread@gobject=\count88
))
\Gin@req@height=\dimen103
\Gin@req@width=\dimen104
)
("C:\Program Files (x86)\MiKTeX 2.9\tex\latex\tools\multicol.sty"
Package: multicol 2011/06/27 v1.7a multicolumn formatting (FMi)
\c@tracingmulticols=\count89
\mult@box=\box26
\multicol@leftmargin=\dimen105
\c@unbalance=\count90
\c@collectmore=\count91
\doublecol@number=\count92
\multicoltolerance=\count93
\multicolpretolerance=\count94
\full@width=\dimen106
\page@free=\dimen107
\premulticols=\dimen108
\postmulticols=\dimen109
\multicolsep=\skip43
\multicolbaselineskip=\skip44
\partial@page=\box27
\last@line=\box28
\mult@rightbox=\box29
\mult@grightbox=\box30
\mult@gfirstbox=\box31
\mult@firstbox=\box32
\@tempa=\box33
\@tempa=\box34
\@tempa=\box35
\@tempa=\box36
\@tempa=\box37
\@tempa=\box38
\@tempa=\box39
\@tempa=\box40
\@tempa=\box41
\@tempa=\box42
\@tempa=\box43
\@tempa=\box44
\@tempa=\box45
\@tempa=\box46
\@tempa=\box47
\@tempa=\box48
\@tempa=\box49
\c@columnbadness=\count95
\c@finalcolumnbadness=\count96
\last@try=\dimen110
\multicolovershoot=\dimen111
\multicolundershoot=\dimen112
\mult@nat@firstbox=\box50
\colbreak@box=\box51
\multicol@sort@counter=\count97
)
(C:\Users\dpaladhi\AppData\Roaming\MiKTeX\2.9\tex\latex\footmisc\footmisc.sty
Package: footmisc 2011/06/06 v5.5b a miscellany of footnote facilities
\FN@temptoken=\toks15
\footnotemargin=\dimen113
\c@pp@next@reset=\count98
Package footmisc Info: Declaring symbol style bringhurst on input line 855.
Package footmisc Info: Declaring symbol style chicago on input line 863.
Package footmisc Info: Declaring symbol style wiley on input line 872.
Package footmisc Info: Declaring symbol style lamport-robust on input line 883.

Package footmisc Info: Declaring symbol style lamport* on input line 903.
Package footmisc Info: Declaring symbol style lamport*-robust on input line 924
.
)
(C:\Users\dpaladhi\AppData\Roaming\MiKTeX\2.9\tex\latex\wrapfig\wrapfig.sty
\wrapoverhang=\dimen114
\WF@size=\dimen115
\c@WF@wrappedlines=\count99
\WF@box=\box52
\WF@everypar=\toks16
Package: wrapfig 2003/01/31  v 3.6
)
("C:\Program Files (x86)\MiKTeX 2.9\tex\latex\graphics\color.sty"
Package: color 2005/11/14 v1.0j Standard LaTeX Color (DPC)

("C:\Program Files (x86)\MiKTeX 2.9\tex\latex\00miktex\color.cfg"
File: color.cfg 2007/01/18 v1.5 color configuration of teTeX/TeXLive
)
Package color Info: Driver file: pdftex.def on input line 130.
)
(C:\Users\dpaladhi\AppData\Roaming\MiKTeX\2.9\tex\latex\fancyvrb\fancyvrb.sty
Package: fancyvrb 2008/02/07

Style option: `fancyvrb' v2.7a, with DG/SPQR fixes, and firstline=lastline fix 
<2008/02/07> (tvz)
\FV@CodeLineNo=\count100
\FV@InFile=\read1
\FV@TabBox=\box53
\c@FancyVerbLine=\count101
\FV@StepNumber=\count102
\FV@OutFile=\write3
)
(C:\Users\dpaladhi\AppData\Roaming\MiKTeX\2.9\tex\latex\listings\listings.sty
\lst@mode=\count103
\lst@gtempboxa=\box54
\lst@token=\toks17
\lst@length=\count104
\lst@currlwidth=\dimen116
\lst@column=\count105
\lst@pos=\count106
\lst@lostspace=\dimen117
\lst@width=\dimen118
\lst@newlines=\count107
\lst@lineno=\count108
\lst@maxwidth=\dimen119

(C:\Users\dpaladhi\AppData\Roaming\MiKTeX\2.9\tex\latex\listings\lstmisc.sty
File: lstmisc.sty 2015/06/04 1.6 (Carsten Heinz)
\c@lstnumber=\count109
\lst@skipnumbers=\count110
\lst@framebox=\box55
)
(C:\Users\dpaladhi\AppData\Roaming\MiKTeX\2.9\tex\latex\listings\listings.cfg
File: listings.cfg 2015/06/04 1.6 listings configuration
))
Package: listings 2015/06/04 1.6 (Carsten Heinz)
("C:\Program Files (x86)\MiKTeX 2.9\tex\latex\tools\verbatim.sty"
Package: verbatim 2003/08/22 v1.5q LaTeX2e package for verbatim enhancements
\every@verbatim=\toks18
\verbatim@line=\toks19
\verbatim@in@stream=\read2
)
("C:\Program Files (x86)\MiKTeX 2.9\tex\latex\base\alltt.sty"
Package: alltt 1997/06/16 v2.0g defines alltt environment
)
("C:\Program Files (x86)\MiKTeX 2.9\tex\latex\hyperref\hyperref.sty"
Package: hyperref 2012/11/06 v6.83m Hypertext links for LaTeX

("C:\Program Files (x86)\MiKTeX 2.9\tex\generic\oberdiek\hobsub-hyperref.sty"
Package: hobsub-hyperref 2012/04/25 v1.12 Bundle oberdiek, subset hyperref (HO)


("C:\Program Files (x86)\MiKTeX 2.9\tex\generic\oberdiek\hobsub-generic.sty"
Package: hobsub-generic 2012/04/25 v1.12 Bundle oberdiek, subset generic (HO)
Package: hobsub 2012/04/25 v1.12 Construct package bundles (HO)
Package hobsub Info: Skipping package `infwarerr' (already loaded).
Package hobsub Info: Skipping package `ltxcmds' (already loaded).
Package: ifluatex 2010/03/01 v1.3 Provides the ifluatex switch (HO)
Package ifluatex Info: LuaTeX not detected.
Package: ifvtex 2010/03/01 v1.5 Detect VTeX and its facilities (HO)
Package ifvtex Info: VTeX not detected.
Package: intcalc 2007/09/27 v1.1 Expandable calculations with integers (HO)
Package: ifpdf 2011/01/30 v2.3 Provides the ifpdf switch (HO)
Package ifpdf Info: pdfTeX in PDF mode is detected.
Package: etexcmds 2011/02/16 v1.5 Avoid name clashes with e-TeX commands (HO)
Package etexcmds Info: Could not find \expanded.
(etexcmds)             That can mean that you are not using pdfTeX 1.50 or
(etexcmds)             that some package has redefined \expanded.
(etexcmds)             In the latter case, load this package earlier.
Package: kvsetkeys 2012/04/25 v1.16 Key value parser (HO)
Package: kvdefinekeys 2011/04/07 v1.3 Define keys (HO)
Package: pdftexcmds 2011/11/29 v0.20 Utility functions of pdfTeX for LuaTeX (HO
)
Package pdftexcmds Info: LuaTeX not detected.
Package pdftexcmds Info: \pdf@primitive is available.
Package pdftexcmds Info: \pdf@ifprimitive is available.
Package pdftexcmds Info: \pdfdraftmode found.
Package: pdfescape 2011/11/25 v1.13 Implements pdfTeX's escape features (HO)
Package: bigintcalc 2012/04/08 v1.3 Expandable calculations on big integers (HO
)
Package: bitset 2011/01/30 v1.1 Handle bit-vector datatype (HO)
Package: uniquecounter 2011/01/30 v1.2 Provide unlimited unique counter (HO)
)
Package hobsub Info: Skipping package `hobsub' (already loaded).
Package: letltxmacro 2010/09/02 v1.4 Let assignment for LaTeX macros (HO)
Package: hopatch 2011/06/24 v1.1 Wrapper for package hooks (HO)
Package: xcolor-patch 2011/01/30 xcolor patch
Package: atveryend 2011/06/30 v1.8 Hooks at the very end of document (HO)
Package atveryend Info: \enddocument detected (standard20110627).
Package: atbegshi 2011/10/05 v1.16 At begin shipout hook (HO)
Package: refcount 2011/10/16 v3.4 Data extraction from label references (HO)
Package: hycolor 2011/01/30 v1.7 Color options for hyperref/bookmark (HO)
)
("C:\Program Files (x86)\MiKTeX 2.9\tex\generic\ifxetex\ifxetex.sty"
Package: ifxetex 2010/09/12 v0.6 Provides ifxetex conditional
)
("C:\Program Files (x86)\MiKTeX 2.9\tex\latex\oberdiek\auxhook.sty"
Package: auxhook 2011/03/04 v1.3 Hooks for auxiliary files (HO)
)
("C:\Program Files (x86)\MiKTeX 2.9\tex\latex\oberdiek\kvoptions.sty"
Package: kvoptions 2011/06/30 v3.11 Key value format for package options (HO)
)
\@linkdim=\dimen120
\Hy@linkcounter=\count111
\Hy@pagecounter=\count112

("C:\Program Files (x86)\MiKTeX 2.9\tex\latex\hyperref\pd1enc.def"
File: pd1enc.def 2012/11/06 v6.83m Hyperref: PDFDocEncoding definition (HO)
)
\Hy@SavedSpaceFactor=\count113

("C:\Program Files (x86)\MiKTeX 2.9\tex\latex\00miktex\hyperref.cfg"
File: hyperref.cfg 2002/06/06 v1.2 hyperref configuration of TeXLive
)
Package hyperref Info: Hyper figures OFF on input line 4443.
Package hyperref Info: Link nesting OFF on input line 4448.
Package hyperref Info: Hyper index ON on input line 4451.
Package hyperref Info: Plain pages OFF on input line 4458.
Package hyperref Info: Backreferencing OFF on input line 4463.
Package hyperref Info: Implicit mode ON; LaTeX internals redefined.
Package hyperref Info: Bookmarks ON on input line 4688.
\c@Hy@tempcnt=\count114

(C:\Users\dpaladhi\AppData\Roaming\MiKTeX\2.9\tex\latex\url\url.sty
\Urlmuskip=\muskip10
Package: url 2013/09/16  ver 3.4  Verb mode for urls, etc.
)
LaTeX Info: Redefining \url on input line 5041.
\XeTeXLinkMargin=\dimen121
\Fld@menulength=\count115
\Field@Width=\dimen122
\Fld@charsize=\dimen123
Package hyperref Info: Hyper figures OFF on input line 6295.
Package hyperref Info: Link nesting OFF on input line 6300.
Package hyperref Info: Hyper index ON on input line 6303.
Package hyperref Info: backreferencing OFF on input line 6310.
Package hyperref Info: Link coloring OFF on input line 6315.
Package hyperref Info: Link coloring with OCG OFF on input line 6320.
Package hyperref Info: PDF/A mode OFF on input line 6325.
LaTeX Info: Redefining \ref on input line 6365.
LaTeX Info: Redefining \pageref on input line 6369.
\Hy@abspage=\count116
\c@Item=\count117
\c@Hfootnote=\count118
)

Package hyperref Message: Driver (autodetected): hpdftex.

("C:\Program Files (x86)\MiKTeX 2.9\tex\latex\hyperref\hpdftex.def"
File: hpdftex.def 2012/11/06 v6.83m Hyperref driver for pdfTeX
\Fld@listcount=\count119
\c@bookmark@seq@number=\count120

("C:\Program Files (x86)\MiKTeX 2.9\tex\latex\oberdiek\rerunfilecheck.sty"
Package: rerunfilecheck 2011/04/15 v1.7 Rerun checks for auxiliary files (HO)
Package uniquecounter Info: New unique counter `rerunfilecheck' on input line 2
82.
)
\Hy@SectionHShift=\skip45
)
("Z:\Webscience\cs532-s16\Assignment 4\documentation\main.aux"
("Z:\Webscience\cs532-s16\Assignment 4\documentation\part1.aux")
("Z:\Webscience\cs532-s16\Assignment 4\documentation\part2.aux")
("Z:\Webscience\cs532-s16\Assignment 4\documentation\part3.aux")
("Z:\Webscience\cs532-s16\Assignment 4\documentation\part4.aux"))
LaTeX Font Info:    Checking defaults for OML/cmm/m/it on input line 24.
LaTeX Font Info:    ... okay on input line 24.
LaTeX Font Info:    Checking defaults for T1/cmr/m/n on input line 24.
LaTeX Font Info:    ... okay on input line 24.
LaTeX Font Info:    Checking defaults for OT1/cmr/m/n on input line 24.
LaTeX Font Info:    ... okay on input line 24.
LaTeX Font Info:    Checking defaults for OMS/cmsy/m/n on input line 24.
LaTeX Font Info:    ... okay on input line 24.
LaTeX Font Info:    Checking defaults for OMX/cmex/m/n on input line 24.
LaTeX Font Info:    ... okay on input line 24.
LaTeX Font Info:    Checking defaults for U/cmr/m/n on input line 24.
LaTeX Font Info:    ... okay on input line 24.
LaTeX Font Info:    Checking defaults for PD1/pdf/m/n on input line 24.
LaTeX Font Info:    ... okay on input line 24.

(C:\Users\dpaladhi\AppData\Roaming\MiKTeX\2.9\tex\context\base\supp-pdf.mkii
[Loading MPS to PDF converter (version 2006.09.02).]
\scratchcounter=\count121
\scratchdimen=\dimen124
\scratchbox=\box56
\nofMPsegments=\count122
\nofMParguments=\count123
\everyMPshowfont=\toks20
\MPscratchCnt=\count124
\MPscratchDim=\dimen125
\MPnumerator=\count125
\makeMPintoPDFobject=\count126
\everyMPtoPDFconversion=\toks21
)
\c@lstlisting=\count127
\AtBeginShipoutBox=\box57
Package hyperref Info: Link coloring OFF on input line 24.
 ("C:\Program Files (x86)\MiKTeX 2.9\tex\latex\hyperref\nameref.sty"
Package: nameref 2012/10/27 v2.43 Cross-referencing by name of section

("C:\Program Files (x86)\MiKTeX 2.9\tex\generic\oberdiek\gettitlestring.sty"
Package: gettitlestring 2010/12/03 v1.4 Cleanup title references (HO)
)
\c@section@level=\count128
)
LaTeX Info: Redefining \ref on input line 24.
LaTeX Info: Redefining \pageref on input line 24.
LaTeX Info: Redefining \nameref on input line 24.

("Z:\Webscience\cs532-s16\Assignment 4\documentation\main.out")
("Z:\Webscience\cs532-s16\Assignment 4\documentation\main.out")
\@outlinefile=\write4
LaTeX Font Info:    External font `cmex10' loaded for size
(Font)              <12> on input line 36.
LaTeX Font Info:    External font `cmex10' loaded for size
(Font)              <8> on input line 36.
LaTeX Font Info:    External font `cmex10' loaded for size
(Font)              <6> on input line 36.
 [1

{C:/ProgramData/MiKTeX/2.9/pdftex/config/pdftex.map}]
("Z:\Webscience\cs532-s16\Assignment 4\documentation\main.toc"
LaTeX Font Info:    External font `cmex10' loaded for size
(Font)              <7> on input line 1.
LaTeX Font Info:    External font `cmex10' loaded for size
(Font)              <5> on input line 1.
)
\tf@toc=\write5
pdfTeX warning (ext4): destination with the same identifier (name{page.1}) has 
been already used, duplicate ignored
<to be read again> 
                   \relax 
l.38 \newpage
              [1

] ("Z:\Webscience\cs532-s16\Assignment 4\documentation\part1.tex"
Overfull \hbox (5.34953pt too wide) in paragraph at lines 44--45
[]\OT1/cmr/m/n/10 Later with the help of key value from the data at-tributes I 
man-aged to get the ``La-bel'' and ``friend[]count''. 
 []

[2

]
(C:\Users\dpaladhi\AppData\Roaming\MiKTeX\2.9\tex\latex\listings\lstlang1.sty
File: lstlang1.sty 2015/06/04 1.6 listings language file
)
("Z:\Webscience\cs532-s16\Assignment 4\documentation\get_frnds_count.py")
[3] <frnds_without_source_fb.png, id=156, 190.46156pt x 557.08125pt>
File: frnds_without_source_fb.png Graphic file (type png)

<use frnds_without_source_fb.png>
Package pdftex.def Info: frnds_without_source_fb.png used on input line 68.
(pdftex.def)             Requested size: 171.4138pt x 501.3685pt.
 [4 <Z:/Webscience/cs532-s16/Assignment 4/documentation/frnds_without_source_fb
.png>]
<frnds_with_source_fb.png, id=165, 251.43938pt x 563.10374pt>
File: frnds_with_source_fb.png Graphic file (type png)

<use frnds_with_source_fb.png>
Package pdftex.def Info: frnds_with_source_fb.png used on input line 77.
(pdftex.def)             Requested size: 226.29333pt x 506.7887pt.
 [5 <Z:/Webscience/cs532-s16/Assignment 4/documentation/frnds_with_source_fb.pn
g>]
(C:\Users\dpaladhi\AppData\Roaming\MiKTeX\2.9\tex\latex\listings\lstlang1.sty
File: lstlang1.sty 2015/06/04 1.6 listings language file
)
(C:\Users\dpaladhi\AppData\Roaming\MiKTeX\2.9\tex\latex\listings\lstlang2.sty
File: lstlang2.sty 2015/06/04 1.6 listings language file
)
(C:\Users\dpaladhi\AppData\Roaming\MiKTeX\2.9\tex\latex\listings\lstlang3.sty
File: lstlang3.sty 2015/06/04 1.6 listings language file
)
("Z:\Webscience\cs532-s16\Assignment 4\documentation\calculations_fb.R"
LaTeX Font Info:    Try loading font information for OML+cmr on input line 20.

("C:\Program Files (x86)\MiKTeX 2.9\tex\latex\base\omlcmr.fd"
File: omlcmr.fd 1999/05/25 v2.5h Standard LaTeX font definitions
)
LaTeX Font Info:    Font shape `OML/cmr/m/n' in size <8> not available
(Font)              Font shape `OML/cmm/m/it' tried instead on input line 20.
LaTeX Font Info:    Font shape `OML/cmr/bx/n' in size <8> not available
(Font)              Font shape `OML/cmm/b/it' tried instead on input line 20.
)
("Z:\Webscience\cs532-s16\Assignment 4\documentation\Rcodeforgraph_fb.R")
[6] <facebookfriendsgraph.png, id=236, 1248.665pt x 646.415pt>
File: facebookfriendsgraph.png Graphic file (type png)

<use facebookfriendsgraph.png>
Package pdftex.def Info: facebookfriendsgraph.png used on input line 92.
(pdftex.def)             Requested size: 499.45715pt x 258.56142pt.

Overfull \hbox (27.98466pt too wide) in paragraph at lines 92--93
 [] 
 []

[7 <Z:/Webscience/cs532-s16/Assignment 4/documentation/facebookfriendsgraph.png
>]) ("Z:\Webscience\cs532-s16\Assignment 4\documentation\part2.tex" [8


]
("Z:\Webscience\cs532-s16\Assignment 4\documentation\twit_followers.py")
[9] <followers_with_source_twt.png, id=300, 274.77657pt x 562.35094pt>
File: followers_with_source_twt.png Graphic file (type png)

<use followers_with_source_twt.png>
Package pdftex.def Info: followers_with_source_twt.png used on input line 50.
(pdftex.def)             Requested size: 247.2966pt x 506.11116pt.
 [10 <Z:/Webscience/cs532-s16/Assignment 4/documentation/followers_with_source_
twt.png>]
<followers_without_source_twt.png, id=307, 233.37187pt x 563.10374pt>
File: followers_without_source_twt.png Graphic file (type png)

<use followers_without_source_twt.png>
Package pdftex.def Info: followers_without_source_twt.png used on input line 59
.
(pdftex.def)             Requested size: 210.03273pt x 506.7887pt.
 [11 <Z:/Webscience/cs532-s16/Assignment 4/documentation/followers_without_sour
ce_twt.png>]
("Z:\Webscience\cs532-s16\Assignment 4\documentation\calculations_twit.R")
("Z:\Webscience\cs532-s16\Assignment 4\documentation\graph_twit_followers.R")
[12] <followersgraph.png, id=378, 1686.3pt x 936.49875pt>
File: followersgraph.png Graphic file (type png)

<use followersgraph.png>
Package pdftex.def Info: followersgraph.png used on input line 74.
(pdftex.def)             Requested size: 505.8939pt x 280.95178pt.

Overfull \hbox (34.42142pt too wide) in paragraph at lines 74--75
 [] 
 []

[13 <Z:/Webscience/cs532-s16/Assignment 4/documentation/followersgraph.png>])
("Z:\Webscience\cs532-s16\Assignment 4\documentation\part3.tex" [14


]
<Code_toget_connections.png, id=402, 670.00313pt x 23.33719pt>
File: Code_toget_connections.png Graphic file (type png)

<use Code_toget_connections.png>
Package pdftex.def Info: Code_toget_connections.png used on input line 26.
(pdftex.def)             Requested size: 536.00323pt x 18.66975pt.

Overfull \hbox (64.53075pt too wide) in paragraph at lines 26--27
 [] 
 []

<sample_connections.png, id=403, 587.19376pt x 250.68657pt>
File: sample_connections.png Graphic file (type png)

<use sample_connections.png>
Package pdftex.def Info: sample_connections.png used on input line 35.
(pdftex.def)             Requested size: 411.03282pt x 175.47939pt.
) [15 <Z:/Webscience/cs532-s16/Assignment 4/documentation/Code_toget_connection
s.png> <Z:/Webscience/cs532-s16/Assignment 4/documentation/sample_connections.p
ng>]
("Z:\Webscience\cs532-s16\Assignment 4\documentation\part4.tex" [16


]
("Z:\Webscience\cs532-s16\Assignment 4\documentation\twit_following.py")
[17] <sample_following_with_source.png, id=469, 210.03468pt x 558.58687pt>
File: sample_following_with_source.png Graphic file (type png)

<use sample_following_with_source.png>
Package pdftex.def Info: sample_following_with_source.png used on input line 40
.
(pdftex.def)             Requested size: 189.02946pt x 502.72354pt.
 [18 <Z:/Webscience/cs532-s16/Assignment 4/documentation/sample_following_with_
source.png>]
<sample_following_without_source.png, id=477, 216.81pt x 561.59813pt>
File: sample_following_without_source.png Graphic file (type png)

<use sample_following_without_source.png>
Package pdftex.def Info: sample_following_without_source.png used on input line
 49.
(pdftex.def)             Requested size: 195.12718pt x 505.43364pt.
 [19 <Z:/Webscience/cs532-s16/Assignment 4/documentation/sample_following_witho
ut_source.png>]
("Z:\Webscience\cs532-s16\Assignment 4\documentation\calcul_twit_following.R")
("Z:\Webscience\cs532-s16\Assignment 4\documentation\following_graph_code.R")
[20] <followinggraph.png, id=546, 1686.3pt x 936.49875pt>
File: followinggraph.png Graphic file (type png)

<use followinggraph.png>
Package pdftex.def Info: followinggraph.png used on input line 64.
(pdftex.def)             Requested size: 505.8939pt x 280.95178pt.

Overfull \hbox (34.42142pt too wide) in paragraph at lines 64--65
 [] 
 []

[21 <Z:/Webscience/cs532-s16/Assignment 4/documentation/followinggraph.png>])
("Z:\Webscience\cs532-s16\Assignment 4\documentation\main.bbl"
Missing character: There is no â in font cmr10!
Missing character: There is no € in font cmr10!
Missing character: There is no “ in font cmr10!

Underfull \hbox (badness 10000) in paragraph at lines 28--30
[]\OT1/cmr/m/n/10 The best way to get a list of fol-low-ers in Python with Twee
py :
 []


Underfull \hbox (badness 10000) in paragraph at lines 28--30
\OT1/cmr/m/n/10 http://stackoverflow.com/questions/17455107/the-best-way-to-get
-a-list-of-followers-in-python-with-
 []

)
Package atveryend Info: Empty hook `BeforeClearDocument' on input line 51.
 [22


]
Package atveryend Info: Empty hook `AfterLastShipout' on input line 51.
 ("Z:\Webscience\cs532-s16\Assignment 4\documentation\main.aux"
("Z:\Webscience\cs532-s16\Assignment 4\documentation\part1.aux")
("Z:\Webscience\cs532-s16\Assignment 4\documentation\part2.aux")
("Z:\Webscience\cs532-s16\Assignment 4\documentation\part3.aux")
("Z:\Webscience\cs532-s16\Assignment 4\documentation\part4.aux"))
Package atveryend Info: Executing hook `AtVeryEndDocument' on input line 51.
Package atveryend Info: Executing hook `AtEndAfterFileList' on input line 51.
Package rerunfilecheck Info: File `main.out' has not changed.
(rerunfilecheck)             Checksum: 3B955A3747FA51E9C1E2BA839C2A3B5A;947.
Package atveryend Info: Empty hook `AtVeryVeryEnd' on input line 51.
 ) 
Here is how much of TeX's memory you used:
 8439 strings out of 493921
 124793 string characters out of 3144867
 507551 words of memory out of 3000000
 11222 multiletter control sequences out of 15000+200000
 9689 words of font info for 34 fonts, out of 3000000 for 9000
 841 hyphenation exceptions out of 8191
 33i,7n,45p,508b,1907s stack positions out of 5000i,500n,10000p,200000b,50000s
<C:/Program Files (x86)/MiKTeX 2.9/fonts/type1/public/amsfonts/cm/cmbx10.pfb>
<C:/Program Files (x86)/MiKTeX 2.9/fonts/type1/public/amsfonts/cm/cmbx12.pfb><C
:/Program Files (x86)/MiKTeX 2.9/fonts/type1/public/amsfonts/cm/cmbx8.pfb><C:/P
rogram Files (x86)/MiKTeX 2.9/fonts/type1/public/amsfonts/cm/cmmi8.pfb><C:/Prog
ram Files (x86)/MiKTeX 2.9/fonts/type1/public/amsfonts/cmextra/cmmib8.pfb><C:/P
rogram Files (x86)/MiKTeX 2.9/fonts/type1/public/amsfonts/cm/cmr10.pfb><C:/Prog
ram Files (x86)/MiKTeX 2.9/fonts/type1/public/amsfonts/cm/cmr12.pfb><C:/Program
 Files (x86)/MiKTeX 2.9/fonts/type1/public/amsfonts/cm/cmr17.pfb><C:/Program Fi
les (x86)/MiKTeX 2.9/fonts/type1/public/amsfonts/cm/cmr8.pfb><C:/Program Files 
(x86)/MiKTeX 2.9/fonts/type1/public/amsfonts/cm/cmsy8.pfb><C:/Program Files (x8
6)/MiKTeX 2.9/fonts/type1/public/amsfonts/cm/cmti8.pfb><C:/Program Files (x86)/
MiKTeX 2.9/fonts/type1/public/amsfonts/cm/cmtt10.pfb>
Output written on main.pdf (23 pages, 438117 bytes).
PDF statistics:
 682 PDF objects out of 1000 (max. 8388607)
 372 named destinations out of 1000 (max. 500000)
 184 words of extra memory for PDF output out of 10000 (max. 10000000)

